app/build/intermediates/manifest_merge_blame_file/debug/manifest-merger-blame-debug-report.txt
1<?xml version="1.0" encoding="utf-8"?>
2<manifest xmlns:android="http://schemas.android.com/apk/res/android"
3    package="com.twinmind.recorder"
4    android:versionCode="1"
5    android:versionName="1.0" >
6
7    <uses-sdk
8        android:minSdkVersion="26"
9        android:targetSdkVersion="34" />
10
11    <uses-permission android:name="android.permission.RECORD_AUDIO" />
11-->src\main\AndroidManifest.xml:5:5-71
11-->src\main\AndroidManifest.xml:5:22-68
12    <uses-permission android:name="android.permission.FOREGROUND_SERVICE" />
12-->src\main\AndroidManifest.xml:6:5-77
12-->src\main\AndroidManifest.xml:6:22-74
13    <uses-permission android:name="android.permission.FOREGROUND_SERVICE_MICROPHONE" />
13-->src\main\AndroidManifest.xml:7:5-88
13-->src\main\AndroidManifest.xml:7:22-85
14    <uses-permission android:name="android.permission.POST_NOTIFICATIONS" />
14-->src\main\AndroidManifest.xml:8:5-77
14-->src\main\AndroidManifest.xml:8:22-74
15    <uses-permission android:name="android.permission.WAKE_LOCK" />
15-->src\main\AndroidManifest.xml:9:5-68
15-->src\main\AndroidManifest.xml:9:22-65
16    <uses-permission android:name="android.permission.INTERNET" />
16-->src\main\AndroidManifest.xml:10:5-67
16-->src\main\AndroidManifest.xml:10:22-64
17    <uses-permission android:name="android.permission.READ_PHONE_STATE" />
17-->src\main\AndroidManifest.xml:11:5-75
17-->src\main\AndroidManifest.xml:11:22-72
18    <uses-permission android:name="android.permission.RECEIVE_BOOT_COMPLETED" />
18-->src\main\AndroidManifest.xml:13:5-81
18-->src\main\AndroidManifest.xml:13:22-78
19    <uses-permission android:name="android.permission.BLUETOOTH" />
19-->src\main\AndroidManifest.xml:14:5-68
19-->src\main\AndroidManifest.xml:14:22-65
20    <uses-permission android:name="android.permission.BLUETOOTH_CONNECT" />
20-->src\main\AndroidManifest.xml:15:5-76
20-->src\main\AndroidManifest.xml:15:22-73
21    <uses-permission android:name="android.permission.ACCESS_NETWORK_STATE" />
21-->[androidx.work:work-runtime:2.9.0] AndroidManifest.xml:24:5-79
21-->[androidx.work:work-runtime:2.9.0] AndroidManifest.xml:24:22-76
22
23    <permission
23-->[androidx.core:core:1.12.0] AndroidManifest.xml:22:5-24:47
24        android:name="com.twinmind.recorder.DYNAMIC_RECEIVER_NOT_EXPORTED_PERMISSION"
24-->[androidx.core:core:1.12.0] AndroidManifest.xml:23:9-81
25        android:protectionLevel="signature" />
25-->[androidx.core:core:1.12.0] AndroidManifest.xml:24:9-44
26
27    <uses-permission android:name="com.twinmind.recorder.DYNAMIC_RECEIVER_NOT_EXPORTED_PERMISSION" />
27-->[androidx.core:core:1.12.0] AndroidManifest.xml:26:5-97
27-->[androidx.core:core:1.12.0] AndroidManifest.xml:26:22-94
28
29    <application
29-->src\main\AndroidManifest.xml:19:5-62:19
30        android:name="com.twinmind.recorder.TwinMindApp"
30-->src\main\AndroidManifest.xml:20:9-36
31        android:allowBackup="true"
31-->src\main\AndroidManifest.xml:21:9-35
32        android:appComponentFactory="androidx.core.app.CoreComponentFactory"
32-->[androidx.core:core:1.12.0] AndroidManifest.xml:28:18-86
33        android:debuggable="true"
34        android:extractNativeLibs="false"
35        android:label="@string/app_name"
35-->src\main\AndroidManifest.xml:22:9-41
36        android:supportsRtl="true"
36-->src\main\AndroidManifest.xml:23:9-35
37        android:testOnly="true"
38        android:theme="@style/Theme.TwinMindApp" >
38-->src\main\AndroidManifest.xml:24:9-49
39        <activity
39-->src\main\AndroidManifest.xml:26:9-35:20
40            android:name="com.twinmind.recorder.MainActivity"
40-->src\main\AndroidManifest.xml:27:13-41
41            android:exported="true"
41-->src\main\AndroidManifest.xml:28:13-36
42            android:theme="@style/Theme.TwinMindApp" >
42-->src\main\AndroidManifest.xml:29:13-53
43            <intent-filter>
43-->src\main\AndroidManifest.xml:30:13-33:29
44                <action android:name="android.intent.action.MAIN" />
44-->src\main\AndroidManifest.xml:31:17-69
44-->src\main\AndroidManifest.xml:31:25-66
45
46                <category android:name="android.intent.category.LAUNCHER" />
46-->src\main\AndroidManifest.xml:32:17-77
46-->src\main\AndroidManifest.xml:32:27-74
47            </intent-filter>
48        </activity>
49
50        <receiver
50-->src\main\AndroidManifest.xml:37:9-43:20
51            android:name="com.twinmind.recorder.BootReceiver"
51-->src\main\AndroidManifest.xml:38:13-41
52            android:exported="true" >
52-->src\main\AndroidManifest.xml:39:13-36
53            <intent-filter>
53-->src\main\AndroidManifest.xml:40:13-42:29
54                <action android:name="android.intent.action.BOOT_COMPLETED" />
54-->src\main\AndroidManifest.xml:41:17-79
54-->src\main\AndroidManifest.xml:41:25-76
55            </intent-filter>
56        </receiver>
57
58        <service
58-->src\main\AndroidManifest.xml:45:9-49:58
59            android:name="com.twinmind.recorder.service.RecordingService"
59-->src\main\AndroidManifest.xml:46:13-53
60            android:enabled="true"
60-->src\main\AndroidManifest.xml:47:13-35
61            android:exported="false"
61-->src\main\AndroidManifest.xml:48:13-37
62            android:foregroundServiceType="microphone" />
62-->src\main\AndroidManifest.xml:49:13-55
63
64        <provider
65            android:name="androidx.startup.InitializationProvider"
65-->src\main\AndroidManifest.xml:52:13-67
66            android:authorities="com.twinmind.recorder.androidx-startup"
66-->src\main\AndroidManifest.xml:53:13-68
67            android:exported="false" >
67-->src\main\AndroidManifest.xml:54:13-37
68            <meta-data
68-->[androidx.emoji2:emoji2:1.3.0] AndroidManifest.xml:29:13-31:52
69                android:name="androidx.emoji2.text.EmojiCompatInitializer"
69-->[androidx.emoji2:emoji2:1.3.0] AndroidManifest.xml:30:17-75
70                android:value="androidx.startup" />
70-->[androidx.emoji2:emoji2:1.3.0] AndroidManifest.xml:31:17-49
71            <meta-data
71-->[androidx.lifecycle:lifecycle-process:2.7.0] AndroidManifest.xml:29:13-31:52
72                android:name="androidx.lifecycle.ProcessLifecycleInitializer"
72-->[androidx.lifecycle:lifecycle-process:2.7.0] AndroidManifest.xml:30:17-78
73                android:value="androidx.startup" />
73-->[androidx.lifecycle:lifecycle-process:2.7.0] AndroidManifest.xml:31:17-49
74            <meta-data
74-->[androidx.profileinstaller:profileinstaller:1.3.0] AndroidManifest.xml:29:13-31:52
75                android:name="androidx.profileinstaller.ProfileInstallerInitializer"
75-->[androidx.profileinstaller:profileinstaller:1.3.0] AndroidManifest.xml:30:17-85
76                android:value="androidx.startup" />
76-->[androidx.profileinstaller:profileinstaller:1.3.0] AndroidManifest.xml:31:17-49
77        </provider>
78
79        <activity
79-->[androidx.compose.ui:ui-test-manifest:1.6.1] AndroidManifest.xml:23:9-25:39
80            android:name="androidx.activity.ComponentActivity"
80-->[androidx.compose.ui:ui-test-manifest:1.6.1] AndroidManifest.xml:24:13-63
81            android:exported="true" />
81-->[androidx.compose.ui:ui-test-manifest:1.6.1] AndroidManifest.xml:25:13-36
82        <activity
82-->[androidx.compose.ui:ui-tooling-android:1.6.1] AndroidManifest.xml:23:9-25:39
83            android:name="androidx.compose.ui.tooling.PreviewActivity"
83-->[androidx.compose.ui:ui-tooling-android:1.6.1] AndroidManifest.xml:24:13-71
84            android:exported="true" />
84-->[androidx.compose.ui:ui-tooling-android:1.6.1] AndroidManifest.xml:25:13-36
85
86        <service
86-->[androidx.work:work-runtime:2.9.0] AndroidManifest.xml:39:9-45:35
87            android:name="androidx.work.impl.background.systemalarm.SystemAlarmService"
87-->[androidx.work:work-runtime:2.9.0] AndroidManifest.xml:40:13-88
88            android:directBootAware="false"
88-->[androidx.work:work-runtime:2.9.0] AndroidManifest.xml:41:13-44
89            android:enabled="@bool/enable_system_alarm_service_default"
89-->[androidx.work:work-runtime:2.9.0] AndroidManifest.xml:42:13-72
90            android:exported="false" />
90-->[androidx.work:work-runtime:2.9.0] AndroidManifest.xml:43:13-37
91        <service
91-->[androidx.work:work-runtime:2.9.0] AndroidManifest.xml:46:9-52:35
92            android:name="androidx.work.impl.background.systemjob.SystemJobService"
92-->[androidx.work:work-runtime:2.9.0] AndroidManifest.xml:47:13-84
93            android:directBootAware="false"
93-->[androidx.work:work-runtime:2.9.0] AndroidManifest.xml:48:13-44
94            android:enabled="@bool/enable_system_job_service_default"
94-->[androidx.work:work-runtime:2.9.0] AndroidManifest.xml:49:13-70
95            android:exported="true"
95-->[androidx.work:work-runtime:2.9.0] AndroidManifest.xml:50:13-36
96            android:permission="android.permission.BIND_JOB_SERVICE" />
96-->[androidx.work:work-runtime:2.9.0] AndroidManifest.xml:51:13-69
97        <service
97-->[androidx.work:work-runtime:2.9.0] AndroidManifest.xml:53:9-59:35
98            android:name="androidx.work.impl.foreground.SystemForegroundService"
98-->[androidx.work:work-runtime:2.9.0] AndroidManifest.xml:54:13-81
99            android:directBootAware="false"
99-->[androidx.work:work-runtime:2.9.0] AndroidManifest.xml:55:13-44
100            android:enabled="@bool/enable_system_foreground_service_default"
100-->[androidx.work:work-runtime:2.9.0] AndroidManifest.xml:56:13-77
101            android:exported="false" />
101-->[androidx.work:work-runtime:2.9.0] AndroidManifest.xml:57:13-37
102
103        <receiver
103-->[androidx.work:work-runtime:2.9.0] AndroidManifest.xml:61:9-66:35
104            android:name="androidx.work.impl.utils.ForceStopRunnable$BroadcastReceiver"
104-->[androidx.work:work-runtime:2.9.0] AndroidManifest.xml:62:13-88
105            android:directBootAware="false"
105-->[androidx.work:work-runtime:2.9.0] AndroidManifest.xml:63:13-44
106            android:enabled="true"
106-->[androidx.work:work-runtime:2.9.0] AndroidManifest.xml:64:13-35
107            android:exported="false" />
107-->[androidx.work:work-runtime:2.9.0] AndroidManifest.xml:65:13-37
108        <receiver
108-->[androidx.work:work-runtime:2.9.0] AndroidManifest.xml:67:9-77:20
109            android:name="androidx.work.impl.background.systemalarm.ConstraintProxy$BatteryChargingProxy"
109-->[androidx.work:work-runtime:2.9.0] AndroidManifest.xml:68:13-106
110            android:directBootAware="false"
110-->[androidx.work:work-runtime:2.9.0] AndroidManifest.xml:69:13-44
111            android:enabled="false"
111-->[androidx.work:work-runtime:2.9.0] AndroidManifest.xml:70:13-36
112            android:exported="false" >
112-->[androidx.work:work-runtime:2.9.0] AndroidManifest.xml:71:13-37
113            <intent-filter>
113-->[androidx.work:work-runtime:2.9.0] AndroidManifest.xml:73:13-76:29
114                <action android:name="android.intent.action.ACTION_POWER_CONNECTED" />
114-->[androidx.work:work-runtime:2.9.0] AndroidManifest.xml:74:17-87
114-->[androidx.work:work-runtime:2.9.0] AndroidManifest.xml:74:25-84
115                <action android:name="android.intent.action.ACTION_POWER_DISCONNECTED" />
115-->[androidx.work:work-runtime:2.9.0] AndroidManifest.xml:75:17-90
115-->[androidx.work:work-runtime:2.9.0] AndroidManifest.xml:75:25-87
116            </intent-filter>
117        </receiver>
118        <receiver
118-->[androidx.work:work-runtime:2.9.0] AndroidManifest.xml:78:9-88:20
119            android:name="androidx.work.impl.background.systemalarm.ConstraintProxy$BatteryNotLowProxy"
119-->[androidx.work:work-runtime:2.9.0] AndroidManifest.xml:79:13-104
120            android:directBootAware="false"
120-->[androidx.work:work-runtime:2.9.0] AndroidManifest.xml:80:13-44
121            android:enabled="false"
121-->[androidx.work:work-runtime:2.9.0] AndroidManifest.xml:81:13-36
122            android:exported="false" >
122-->[androidx.work:work-runtime:2.9.0] AndroidManifest.xml:82:13-37
123            <intent-filter>
123-->[androidx.work:work-runtime:2.9.0] AndroidManifest.xml:84:13-87:29
124                <action android:name="android.intent.action.BATTERY_OKAY" />
124-->[androidx.work:work-runtime:2.9.0] AndroidManifest.xml:85:17-77
124-->[androidx.work:work-runtime:2.9.0] AndroidManifest.xml:85:25-74
125                <action android:name="android.intent.action.BATTERY_LOW" />
125-->[androidx.work:work-runtime:2.9.0] AndroidManifest.xml:86:17-76
125-->[androidx.work:work-runtime:2.9.0] AndroidManifest.xml:86:25-73
126            </intent-filter>
127        </receiver>
128        <receiver
128-->[androidx.work:work-runtime:2.9.0] AndroidManifest.xml:89:9-99:20
129            android:name="androidx.work.impl.background.systemalarm.ConstraintProxy$StorageNotLowProxy"
129-->[androidx.work:work-runtime:2.9.0] AndroidManifest.xml:90:13-104
130            android:directBootAware="false"
130-->[androidx.work:work-runtime:2.9.0] AndroidManifest.xml:91:13-44
131            android:enabled="false"
131-->[androidx.work:work-runtime:2.9.0] AndroidManifest.xml:92:13-36
132            android:exported="false" >
132-->[androidx.work:work-runtime:2.9.0] AndroidManifest.xml:93:13-37
133            <intent-filter>
133-->[androidx.work:work-runtime:2.9.0] AndroidManifest.xml:95:13-98:29
134                <action android:name="android.intent.action.DEVICE_STORAGE_LOW" />
134-->[androidx.work:work-runtime:2.9.0] AndroidManifest.xml:96:17-83
134-->[androidx.work:work-runtime:2.9.0] AndroidManifest.xml:96:25-80
135                <action android:name="android.intent.action.DEVICE_STORAGE_OK" />
135-->[androidx.work:work-runtime:2.9.0] AndroidManifest.xml:97:17-82
135-->[androidx.work:work-runtime:2.9.0] AndroidManifest.xml:97:25-79
136            </intent-filter>
137        </receiver>
138        <receiver
138-->[androidx.work:work-runtime:2.9.0] AndroidManifest.xml:100:9-109:20
139            android:name="androidx.work.impl.background.systemalarm.ConstraintProxy$NetworkStateProxy"
139-->[androidx.work:work-runtime:2.9.0] AndroidManifest.xml:101:13-103
140            android:directBootAware="false"
140-->[androidx.work:work-runtime:2.9.0] AndroidManifest.xml:102:13-44
141            android:enabled="false"
141-->[androidx.work:work-runtime:2.9.0] AndroidManifest.xml:103:13-36
142            android:exported="false" >
142-->[androidx.work:work-runtime:2.9.0] AndroidManifest.xml:104:13-37
143            <intent-filter>
143-->[androidx.work:work-runtime:2.9.0] AndroidManifest.xml:106:13-108:29
144                <action android:name="android.net.conn.CONNECTIVITY_CHANGE" />
144-->[androidx.work:work-runtime:2.9.0] AndroidManifest.xml:107:17-79
144-->[androidx.work:work-runtime:2.9.0] AndroidManifest.xml:107:25-76
145            </intent-filter>
146        </receiver>
147        <receiver
147-->[androidx.work:work-runtime:2.9.0] AndroidManifest.xml:110:9-121:20
148            android:name="androidx.work.impl.background.systemalarm.RescheduleReceiver"
148-->[androidx.work:work-runtime:2.9.0] AndroidManifest.xml:111:13-88
149            android:directBootAware="false"
149-->[androidx.work:work-runtime:2.9.0] AndroidManifest.xml:112:13-44
150            android:enabled="false"
150-->[androidx.work:work-runtime:2.9.0] AndroidManifest.xml:113:13-36
151            android:exported="false" >
151-->[androidx.work:work-runtime:2.9.0] AndroidManifest.xml:114:13-37
152            <intent-filter>
152-->[androidx.work:work-runtime:2.9.0] AndroidManifest.xml:116:13-120:29
153                <action android:name="android.intent.action.BOOT_COMPLETED" />
153-->src\main\AndroidManifest.xml:41:17-79
153-->src\main\AndroidManifest.xml:41:25-76
154                <action android:name="android.intent.action.TIME_SET" />
154-->[androidx.work:work-runtime:2.9.0] AndroidManifest.xml:118:17-73
154-->[androidx.work:work-runtime:2.9.0] AndroidManifest.xml:118:25-70
155                <action android:name="android.intent.action.TIMEZONE_CHANGED" />
155-->[androidx.work:work-runtime:2.9.0] AndroidManifest.xml:119:17-81
155-->[androidx.work:work-runtime:2.9.0] AndroidManifest.xml:119:25-78
156            </intent-filter>
157        </receiver>
158        <receiver
158-->[androidx.work:work-runtime:2.9.0] AndroidManifest.xml:122:9-131:20
159            android:name="androidx.work.impl.background.systemalarm.ConstraintProxyUpdateReceiver"
159-->[androidx.work:work-runtime:2.9.0] AndroidManifest.xml:123:13-99
160            android:directBootAware="false"
160-->[androidx.work:work-runtime:2.9.0] AndroidManifest.xml:124:13-44
161            android:enabled="@bool/enable_system_alarm_service_default"
161-->[androidx.work:work-runtime:2.9.0] AndroidManifest.xml:125:13-72
162            android:exported="false" >
162-->[androidx.work:work-runtime:2.9.0] AndroidManifest.xml:126:13-37
163            <intent-filter>
163-->[androidx.work:work-runtime:2.9.0] AndroidManifest.xml:128:13-130:29
164                <action android:name="androidx.work.impl.background.systemalarm.UpdateProxies" />
164-->[androidx.work:work-runtime:2.9.0] AndroidManifest.xml:129:17-98
164-->[androidx.work:work-runtime:2.9.0] AndroidManifest.xml:129:25-95
165            </intent-filter>
166        </receiver>
167        <receiver
167-->[androidx.work:work-runtime:2.9.0] AndroidManifest.xml:132:9-142:20
168            android:name="androidx.work.impl.diagnostics.DiagnosticsReceiver"
168-->[androidx.work:work-runtime:2.9.0] AndroidManifest.xml:133:13-78
169            android:directBootAware="false"
169-->[androidx.work:work-runtime:2.9.0] AndroidManifest.xml:134:13-44
170            android:enabled="true"
170-->[androidx.work:work-runtime:2.9.0] AndroidManifest.xml:135:13-35
171            android:exported="true"
171-->[androidx.work:work-runtime:2.9.0] AndroidManifest.xml:136:13-36
172            android:permission="android.permission.DUMP" >
172-->[androidx.work:work-runtime:2.9.0] AndroidManifest.xml:137:13-57
173            <intent-filter>
173-->[androidx.work:work-runtime:2.9.0] AndroidManifest.xml:139:13-141:29
174                <action android:name="androidx.work.diagnostics.REQUEST_DIAGNOSTICS" />
174-->[androidx.work:work-runtime:2.9.0] AndroidManifest.xml:140:17-88
174-->[androidx.work:work-runtime:2.9.0] AndroidManifest.xml:140:25-85
175            </intent-filter>
176        </receiver>
177
178        <service
178-->[androidx.room:room-runtime:2.6.1] AndroidManifest.xml:24:9-28:63
179            android:name="androidx.room.MultiInstanceInvalidationService"
179-->[androidx.room:room-runtime:2.6.1] AndroidManifest.xml:25:13-74
180            android:directBootAware="true"
180-->[androidx.room:room-runtime:2.6.1] AndroidManifest.xml:26:13-43
181            android:exported="false" />
181-->[androidx.room:room-runtime:2.6.1] AndroidManifest.xml:27:13-37
182
183        <receiver
183-->[androidx.profileinstaller:profileinstaller:1.3.0] AndroidManifest.xml:34:9-52:20
184            android:name="androidx.profileinstaller.ProfileInstallReceiver"
184-->[androidx.profileinstaller:profileinstaller:1.3.0] AndroidManifest.xml:35:13-76
185            android:directBootAware="false"
185-->[androidx.profileinstaller:profileinstaller:1.3.0] AndroidManifest.xml:36:13-44
186            android:enabled="true"
186-->[androidx.profileinstaller:profileinstaller:1.3.0] AndroidManifest.xml:37:13-35
187            android:exported="true"
187-->[androidx.profileinstaller:profileinstaller:1.3.0] AndroidManifest.xml:38:13-36
188            android:permission="android.permission.DUMP" >
188-->[androidx.profileinstaller:profileinstaller:1.3.0] AndroidManifest.xml:39:13-57
189            <intent-filter>
189-->[androidx.profileinstaller:profileinstaller:1.3.0] AndroidManifest.xml:40:13-42:29
190                <action android:name="androidx.profileinstaller.action.INSTALL_PROFILE" />
190-->[androidx.profileinstaller:profileinstaller:1.3.0] AndroidManifest.xml:41:17-91
190-->[androidx.profileinstaller:profileinstaller:1.3.0] AndroidManifest.xml:41:25-88
191            </intent-filter>
192            <intent-filter>
192-->[androidx.profileinstaller:profileinstaller:1.3.0] AndroidManifest.xml:43:13-45:29
193                <action android:name="androidx.profileinstaller.action.SKIP_FILE" />
193-->[androidx.profileinstaller:profileinstaller:1.3.0] AndroidManifest.xml:44:17-85
193-->[androidx.profileinstaller:profileinstaller:1.3.0] AndroidManifest.xml:44:25-82
194            </intent-filter>
195            <intent-filter>
195-->[androidx.profileinstaller:profileinstaller:1.3.0] AndroidManifest.xml:46:13-48:29
196                <action android:name="androidx.profileinstaller.action.SAVE_PROFILE" />
196-->[androidx.profileinstaller:profileinstaller:1.3.0] AndroidManifest.xml:47:17-88
196-->[androidx.profileinstaller:profileinstaller:1.3.0] AndroidManifest.xml:47:25-85
197            </intent-filter>
198            <intent-filter>
198-->[androidx.profileinstaller:profileinstaller:1.3.0] AndroidManifest.xml:49:13-51:29
199                <action android:name="androidx.profileinstaller.action.BENCHMARK_OPERATION" />
199-->[androidx.profileinstaller:profileinstaller:1.3.0] AndroidManifest.xml:50:17-95
199-->[androidx.profileinstaller:profileinstaller:1.3.0] AndroidManifest.xml:50:25-92
200            </intent-filter>
201        </receiver>
202    </application>
203
204</manifest>